Traceback (most recent call last):
  File "/home/ubuntu/miniconda3/envs/prepa/lib/python3.9/site-packages/jupyter_cache/executors/utils.py", line 51, in single_nb_execution
    executenb(
  File "/home/ubuntu/miniconda3/envs/prepa/lib/python3.9/site-packages/nbclient/client.py", line 1112, in execute
    return NotebookClient(nb=nb, resources=resources, km=km, **kwargs).execute()
  File "/home/ubuntu/miniconda3/envs/prepa/lib/python3.9/site-packages/nbclient/util.py", line 74, in wrapped
    return just_run(coro(*args, **kwargs))
  File "/home/ubuntu/miniconda3/envs/prepa/lib/python3.9/site-packages/nbclient/util.py", line 53, in just_run
    return loop.run_until_complete(coro)
  File "/home/ubuntu/miniconda3/envs/prepa/lib/python3.9/asyncio/base_events.py", line 642, in run_until_complete
    return future.result()
  File "/home/ubuntu/miniconda3/envs/prepa/lib/python3.9/site-packages/nbclient/client.py", line 553, in async_execute
    await self.async_execute_cell(
  File "/home/ubuntu/miniconda3/envs/prepa/lib/python3.9/site-packages/nbclient/client.py", line 857, in async_execute_cell
    self._check_raise_for_error(cell, exec_reply)
  File "/home/ubuntu/miniconda3/envs/prepa/lib/python3.9/site-packages/nbclient/client.py", line 760, in _check_raise_for_error
    raise CellExecutionError.from_cell_and_msg(cell, exec_reply_content)
nbclient.exceptions.CellExecutionError: An error occurred while executing the following cell:
------------------
import numpy as np
import matplotlib.pyplot as plt
from myst_nb import glue

x = np.linspace(0, np.pi / 2, 1000)
y = np.sin(x) - x ** 3 / 4

Kd = 1.3
Kg = 2 - Kd
xd = np.array([np.pi / 4, np.pi / 4 * Kd])
xd2 = np.array([np.pi / 4, np.pi / 4, np.pi / 4 * Kd, np.pi / 4 * Kd])
yd = np.sin(xd) - xd ** 3 / 4
yd2 = np.sin(xd2) - xd2 ** 3 / 4
xg = np.array([np.pi / 4 * Kg, np.pi / 4])
xg2 = np.array([np.pi / 4 * Kg, np.pi / 4 * Kg, np.pi / 4, np.pi / 4])
yg = np.sin(xg) - xg ** 3 / 4
yg2 = np.sin(xg2) - xg2 ** 3 / 4
xc = np.array([np.pi / 4 * Kg, np.pi / 4 * Kd])
xd2 = np.array([np.pi / 4 * Kg, np.pi / 4 * Kg, np.pi / 4 * Kd, np.pi / 4 * Kd])
xc3 = [np.pi / 4 * Kg, np.pi / 4, np.pi / 4 * Kd]
yc = np.sin(xc) - xc ** 3 / 4
yc2 = np.sin(xc2) - xc2 ** 3 / 4

f, ax = plt.subplots()
f.suptitle("Dérivée à droite")
ax.plot(x, y, linewidth=1.3, color="blue")
ax.plot(xd2, yd2, linestyle=':', linewidth=1, color="black")
ax.plot(xd, yd, linewidth=1, color="red")
ax.set_xticks(xd)
ax.set_xticklabels(["x0", "x0+h"])
glue("deriv_d", f, display="False")

f, ax = plt.subplots()
f.suptitle("Dérivée à gauche")
ax.plot(x, y, linewidth=1.3, color="blue")
ax.plot(xg2, yg2, linestyle=':', linewidth=1, color="black")
ax.plot(xg, yg, linewidth=1, color="red")
ax.set_xticks(xg)
ax.set_xticklabels(["x0-h", "x0"])
glue("deriv_g", f, display="False")

f, ax = plt.subplots()
f.suptitle("Dérivée centrée")
ax.plot(x, y, linewidth=1.3, color="blue")
ax.plot(xc2, yc2, linestyle=':', linewidth=1, color="black")
ax.plot(xc,yc, linewidth=1, color="red")
ax.set_xticks(xc3)
ax.set_xticklabels(["x0-h", "x0", "x0+h"])
glue("deriv_c", f, display="False")
------------------

[0;31m---------------------------------------------------------------------------[0m
[0;31mNameError[0m                                 Traceback (most recent call last)
[0;32m<ipython-input-1-f9faeb528a2d>[0m in [0;36m<module>[0;34m[0m
[1;32m     20[0m [0mxc3[0m [0;34m=[0m [0;34m[[0m[0mnp[0m[0;34m.[0m[0mpi[0m [0;34m/[0m [0;36m4[0m [0;34m*[0m [0mKg[0m[0;34m,[0m [0mnp[0m[0;34m.[0m[0mpi[0m [0;34m/[0m [0;36m4[0m[0;34m,[0m [0mnp[0m[0;34m.[0m[0mpi[0m [0;34m/[0m [0;36m4[0m [0;34m*[0m [0mKd[0m[0;34m][0m[0;34m[0m[0;34m[0m[0m
[1;32m     21[0m [0myc[0m [0;34m=[0m [0mnp[0m[0;34m.[0m[0msin[0m[0;34m([0m[0mxc[0m[0;34m)[0m [0;34m-[0m [0mxc[0m [0;34m**[0m [0;36m3[0m [0;34m/[0m [0;36m4[0m[0;34m[0m[0;34m[0m[0m
[0;32m---> 22[0;31m [0myc2[0m [0;34m=[0m [0mnp[0m[0;34m.[0m[0msin[0m[0;34m([0m[0mxc2[0m[0;34m)[0m [0;34m-[0m [0mxc2[0m [0;34m**[0m [0;36m3[0m [0;34m/[0m [0;36m4[0m[0;34m[0m[0;34m[0m[0m
[0m[1;32m     23[0m [0;34m[0m[0m
[1;32m     24[0m [0mf[0m[0;34m,[0m [0max[0m [0;34m=[0m [0mplt[0m[0;34m.[0m[0msubplots[0m[0;34m([0m[0;34m)[0m[0;34m[0m[0;34m[0m[0m

[0;31mNameError[0m: name 'xc2' is not defined
NameError: name 'xc2' is not defined

